Performing C SOURCE FILE Test CMAKE_HAVE_LIBC_PTHREAD failed with the following output:
Change Dir: /media/bzdfzfer/Datasets/PlaneExtraction_Codes/git_sub/CloudLine2Plane/build/CMakeFiles/CMakeTmp

Run Build Command(s):/usr/bin/make cmTC_25dc0/fast && /usr/bin/make  -f CMakeFiles/cmTC_25dc0.dir/build.make CMakeFiles/cmTC_25dc0.dir/build
make[1]: Entering directory '/media/bzdfzfer/Datasets/PlaneExtraction_Codes/git_sub/CloudLine2Plane/build/CMakeFiles/CMakeTmp'
Building C object CMakeFiles/cmTC_25dc0.dir/src.c.o
/usr/bin/cc   -DCMAKE_HAVE_LIBC_PTHREAD   -o CMakeFiles/cmTC_25dc0.dir/src.c.o   -c /media/bzdfzfer/Datasets/PlaneExtraction_Codes/git_sub/CloudLine2Plane/build/CMakeFiles/CMakeTmp/src.c
Linking C executable cmTC_25dc0
/home/bzdfzfer/cmake-install/bin/cmake -E cmake_link_script CMakeFiles/cmTC_25dc0.dir/link.txt --verbose=1
/usr/bin/cc  -DCMAKE_HAVE_LIBC_PTHREAD    -rdynamic CMakeFiles/cmTC_25dc0.dir/src.c.o  -o cmTC_25dc0 
CMakeFiles/cmTC_25dc0.dir/src.c.o: In function `main':
src.c:(.text+0x3e): undefined reference to `pthread_create'
src.c:(.text+0x4a): undefined reference to `pthread_detach'
src.c:(.text+0x56): undefined reference to `pthread_cancel'
src.c:(.text+0x67): undefined reference to `pthread_join'
src.c:(.text+0x7b): undefined reference to `pthread_atfork'
collect2: error: ld returned 1 exit status
CMakeFiles/cmTC_25dc0.dir/build.make:106: recipe for target 'cmTC_25dc0' failed
make[1]: *** [cmTC_25dc0] Error 1
make[1]: Leaving directory '/media/bzdfzfer/Datasets/PlaneExtraction_Codes/git_sub/CloudLine2Plane/build/CMakeFiles/CMakeTmp'
Makefile:141: recipe for target 'cmTC_25dc0/fast' failed
make: *** [cmTC_25dc0/fast] Error 2


Source file was:
#include <pthread.h>

void* test_func(void* data)
{
  return data;
}

int main(void)
{
  pthread_t thread;
  pthread_create(&thread, NULL, test_func, NULL);
  pthread_detach(thread);
  pthread_cancel(thread);
  pthread_join(thread, NULL);
  pthread_atfork(NULL, NULL, NULL);
  pthread_exit(NULL);

  return 0;
}

Determining if the function pthread_create exists in the pthreads failed with the following output:
Change Dir: /media/bzdfzfer/Datasets/PlaneExtraction_Codes/git_sub/CloudLine2Plane/build/CMakeFiles/CMakeTmp

Run Build Command(s):/usr/bin/make cmTC_89122/fast && /usr/bin/make  -f CMakeFiles/cmTC_89122.dir/build.make CMakeFiles/cmTC_89122.dir/build
make[1]: Entering directory '/media/bzdfzfer/Datasets/PlaneExtraction_Codes/git_sub/CloudLine2Plane/build/CMakeFiles/CMakeTmp'
Building C object CMakeFiles/cmTC_89122.dir/CheckFunctionExists.c.o
/usr/bin/cc   -DCHECK_FUNCTION_EXISTS=pthread_create   -o CMakeFiles/cmTC_89122.dir/CheckFunctionExists.c.o   -c /home/bzdfzfer/cmake-install/share/cmake-3.17/Modules/CheckFunctionExists.c
Linking C executable cmTC_89122
/home/bzdfzfer/cmake-install/bin/cmake -E cmake_link_script CMakeFiles/cmTC_89122.dir/link.txt --verbose=1
/usr/bin/cc  -DCHECK_FUNCTION_EXISTS=pthread_create    -rdynamic CMakeFiles/cmTC_89122.dir/CheckFunctionExists.c.o  -o cmTC_89122  -lpthreads 
/usr/bin/ld: cannot find -lpthreads
collect2: error: ld returned 1 exit status
CMakeFiles/cmTC_89122.dir/build.make:106: recipe for target 'cmTC_89122' failed
make[1]: *** [cmTC_89122] Error 1
make[1]: Leaving directory '/media/bzdfzfer/Datasets/PlaneExtraction_Codes/git_sub/CloudLine2Plane/build/CMakeFiles/CMakeTmp'
Makefile:141: recipe for target 'cmTC_89122/fast' failed
make: *** [cmTC_89122/fast] Error 2



